<?xml version="1.0" encoding="UTF-8"?>
<testsuite name="com.gildedrose.GildedRoseTest" tests="21" skipped="0" failures="0" errors="0" timestamp="2019-11-09T11:23:06" hostname="pcmaleterre" time="0.014">
  <properties/>
  <testcase name="ShouldQualityStayUnder50WhenBackstageAndSellInBetween10And5" classname="com.gildedrose.GildedRoseTest" time="0.004"/>
  <testcase name="ShouldQualityIncreaseTwiceWhenAgedBrieSellInNegative" classname="com.gildedrose.GildedRoseTest" time="0.0"/>
  <testcase name="ShouldQualityStaySameWhenNormalItemAndNegative" classname="com.gildedrose.GildedRoseTest" time="0.0"/>
  <testcase name="shouldDecreaseTwiceFasterWhenConjuredSellIn0" classname="com.gildedrose.GildedRoseTest" time="0.0"/>
  <testcase name="shouldDecreaseTwiceFasterWhenConjured" classname="com.gildedrose.GildedRoseTest" time="0.0"/>
  <testcase name="ShouldQualityStayUnder50WhenBackstage" classname="com.gildedrose.GildedRoseTest" time="0.0"/>
  <testcase name="ShouldQualityStayUnder50WhenAgedBrieSellInNegative" classname="com.gildedrose.GildedRoseTest" time="0.0"/>
  <testcase name="ShouldQualityStaySameWhenSulfuras" classname="com.gildedrose.GildedRoseTest" time="0.0"/>
  <testcase name="ShouldSellInDecreaseBy1WhenNormalItem" classname="com.gildedrose.GildedRoseTest" time="0.001"/>
  <testcase name="ShouldQualityStayUnder50WhenAgedBrie" classname="com.gildedrose.GildedRoseTest" time="0.0"/>
  <testcase name="ShouldSellInStayPositiveWhenBackstage" classname="com.gildedrose.GildedRoseTest" time="0.0"/>
  <testcase name="ShouldSellInStaySameWhenSulfuras" classname="com.gildedrose.GildedRoseTest" time="0.0"/>
  <testcase name="ShouldQualityDecreaseBy1WhenNormalItem" classname="com.gildedrose.GildedRoseTest" time="0.001"/>
  <testcase name="ShouldQualityIncreaseBy1WhenBackstageAndSellInOver10" classname="com.gildedrose.GildedRoseTest" time="0.0"/>
  <testcase name="toStringTest" classname="com.gildedrose.GildedRoseTest" time="0.0"/>
  <testcase name="ShouldQualityDecreaseBy2WhenNormalItemAndSellIn0" classname="com.gildedrose.GildedRoseTest" time="0.001"/>
  <testcase name="ShouldQualityStayUnder50WhenBackstageAndSellInUnder5" classname="com.gildedrose.GildedRoseTest" time="0.0"/>
  <testcase name="ShouldQualityIncreaseBy2WhenBackstageAndSellInBetween10And5" classname="com.gildedrose.GildedRoseTest" time="0.0"/>
  <testcase name="ShouldQualityIncreaseWhenAgedBrie" classname="com.gildedrose.GildedRoseTest" time="0.0"/>
  <testcase name="ShouldQualityRemainPositiveWhenNormal" classname="com.gildedrose.GildedRoseTest" time="0.001"/>
  <testcase name="ShouldQualityIncreaseBy3WhenBackstageAndSellInUnder5" classname="com.gildedrose.GildedRoseTest" time="0.0"/>
  <system-out><![CDATA[]]></system-out>
  <system-err><![CDATA[]]></system-err>
</testsuite>
