<?xml version="1.0" encoding="UTF-8"?>
<testsuite name="com.gildedrose.GildedRoseTest" tests="20" skipped="0" failures="0" errors="0" timestamp="2019-10-21T11:06:32" hostname="pcmaleterre" time="0.015">
  <properties/>
  <testcase name="backstageQuality50" classname="com.gildedrose.GildedRoseTest" time="0.003"/>
  <testcase name="agedBrieQualtity" classname="com.gildedrose.GildedRoseTest" time="0.0"/>
  <testcase name="normalItemNegativeQualityZeroSellIn" classname="com.gildedrose.GildedRoseTest" time="0.0"/>
  <testcase name="normalItemQualityZeroSellIn" classname="com.gildedrose.GildedRoseTest" time="0.0"/>
  <testcase name="normalItemSellIn" classname="com.gildedrose.GildedRoseTest" time="0.002"/>
  <testcase name="backstageQuality50SellIn10" classname="com.gildedrose.GildedRoseTest" time="0.001"/>
  <testcase name="backstageQualitySellIn0" classname="com.gildedrose.GildedRoseTest" time="0.0"/>
  <testcase name="backstageQualitySellIn5" classname="com.gildedrose.GildedRoseTest" time="0.0"/>
  <testcase name="positiveQuality" classname="com.gildedrose.GildedRoseTest" time="0.0"/>
  <testcase name="backstageQuality" classname="com.gildedrose.GildedRoseTest" time="0.0"/>
  <testcase name="toStringTest" classname="com.gildedrose.GildedRoseTest" time="0.0"/>
  <testcase name="agedBrieQualtity50NegativeSellIn" classname="com.gildedrose.GildedRoseTest" time="0.001"/>
  <testcase name="agedBrieQualtityNegativeSellIn" classname="com.gildedrose.GildedRoseTest" time="0.0"/>
  <testcase name="backstageQuality50SellIn5" classname="com.gildedrose.GildedRoseTest" time="0.001"/>
  <testcase name="qualityUnder50" classname="com.gildedrose.GildedRoseTest" time="0.0"/>
  <testcase name="normalItemQualtity" classname="com.gildedrose.GildedRoseTest" time="0.001"/>
  <testcase name="SulfurasQualityNegativeSellIn" classname="com.gildedrose.GildedRoseTest" time="0.001"/>
  <testcase name="sulfurasSellIn" classname="com.gildedrose.GildedRoseTest" time="0.0"/>
  <testcase name="backstageQualitySellIn10" classname="com.gildedrose.GildedRoseTest" time="0.0"/>
  <testcase name="sulfurasQuality" classname="com.gildedrose.GildedRoseTest" time="0.0"/>
  <system-out><![CDATA[]]></system-out>
  <system-err><![CDATA[]]></system-err>
</testsuite>
